<?xml version="1.0" encoding="UTF-8"?>
<testng-results skipped="0" failed="0" ignored="0" total="7" passed="7">
  <reporter-output>
  </reporter-output>
  <suite name="InetBankingV1" duration-ms="87896" started-at="2021-06-08T17:57:09Z" finished-at="2021-06-08T17:58:36Z">
    <groups>
    </groups>
    <test name="BankingApp Test" duration-ms="87896" started-at="2021-06-08T17:57:09Z" finished-at="2021-06-08T17:58:36Z">
      <class name="com.inetbanking.testCases.TC_LoginTest_001">
        <test-method status="PASS" signature="setup(java.lang.String)[pri:0, instance:com.inetbanking.testCases.TC_LoginTest_001@6fadae5d]" name="setup" is-config="true" duration-ms="5516" started-at="2021-06-08T17:57:09Z" finished-at="2021-06-08T17:57:14Z">
          <params>
            <param index="0">
              <value>
                <![CDATA[chrome]]>
              </value>
            </param>
          </params>
          <reporter-output>
          </reporter-output>
        </test-method> <!-- setup -->
        <test-method status="PASS" signature="loginTest()[pri:0, instance:com.inetbanking.testCases.TC_LoginTest_001@6fadae5d]" name="loginTest" duration-ms="1841" started-at="2021-06-08T17:57:14Z" finished-at="2021-06-08T17:57:16Z">
          <reporter-output>
          </reporter-output>
        </test-method> <!-- loginTest -->
        <test-method status="PASS" signature="tearDown()[pri:0, instance:com.inetbanking.testCases.TC_LoginTest_001@6fadae5d]" name="tearDown" is-config="true" duration-ms="1110" started-at="2021-06-08T17:57:16Z" finished-at="2021-06-08T17:57:17Z">
          <reporter-output>
          </reporter-output>
        </test-method> <!-- tearDown -->
      </class> <!-- com.inetbanking.testCases.TC_LoginTest_001 -->
      <class name="com.inetbanking.testCases.TC_LoginDDT_002">
        <test-method status="PASS" signature="setup(java.lang.String)[pri:0, instance:com.inetbanking.testCases.TC_LoginDDT_002@17f6480]" name="setup" is-config="true" duration-ms="5241" started-at="2021-06-08T17:57:17Z" finished-at="2021-06-08T17:57:23Z">
          <params>
            <param index="0">
              <value>
                <![CDATA[chrome]]>
              </value>
            </param>
          </params>
          <reporter-output>
          </reporter-output>
        </test-method> <!-- setup -->
        <test-method status="PASS" signature="loginDDT(java.lang.String, java.lang.String)[pri:0, instance:com.inetbanking.testCases.TC_LoginDDT_002@17f6480]" name="loginDDT" duration-ms="10447" started-at="2021-06-08T17:57:24Z" data-provider="LoginData" finished-at="2021-06-08T17:57:35Z">
          <params>
            <param index="0">
              <value>
                <![CDATA[mngr332796]]>
              </value>
            </param>
            <param index="1">
              <value>
                <![CDATA[AvugEqe]]>
              </value>
            </param>
          </params>
          <reporter-output>
          </reporter-output>
        </test-method> <!-- loginDDT -->
        <test-method status="PASS" signature="loginDDT(java.lang.String, java.lang.String)[pri:0, instance:com.inetbanking.testCases.TC_LoginDDT_002@17f6480]" name="loginDDT" duration-ms="9693" started-at="2021-06-08T17:57:35Z" data-provider="LoginData" finished-at="2021-06-08T17:57:45Z">
          <params>
            <param index="0">
              <value>
                <![CDATA[mngr332796]]>
              </value>
            </param>
            <param index="1">
              <value>
                <![CDATA[AvugEqe]]>
              </value>
            </param>
          </params>
          <reporter-output>
          </reporter-output>
        </test-method> <!-- loginDDT -->
        <test-method status="PASS" signature="loginDDT(java.lang.String, java.lang.String)[pri:0, instance:com.inetbanking.testCases.TC_LoginDDT_002@17f6480]" name="loginDDT" duration-ms="9660" started-at="2021-06-08T17:57:45Z" data-provider="LoginData" finished-at="2021-06-08T17:57:54Z">
          <params>
            <param index="0">
              <value>
                <![CDATA[mngr332796]]>
              </value>
            </param>
            <param index="1">
              <value>
                <![CDATA[AvugEqe]]>
              </value>
            </param>
          </params>
          <reporter-output>
          </reporter-output>
        </test-method> <!-- loginDDT -->
        <test-method status="PASS" signature="loginDDT(java.lang.String, java.lang.String)[pri:0, instance:com.inetbanking.testCases.TC_LoginDDT_002@17f6480]" name="loginDDT" duration-ms="9296" started-at="2021-06-08T17:57:54Z" data-provider="LoginData" finished-at="2021-06-08T17:58:04Z">
          <params>
            <param index="0">
              <value>
                <![CDATA[mngr332796]]>
              </value>
            </param>
            <param index="1">
              <value>
                <![CDATA[AvugEqe]]>
              </value>
            </param>
          </params>
          <reporter-output>
          </reporter-output>
        </test-method> <!-- loginDDT -->
        <test-method status="PASS" signature="loginDDT(java.lang.String, java.lang.String)[pri:0, instance:com.inetbanking.testCases.TC_LoginDDT_002@17f6480]" name="loginDDT" duration-ms="10355" started-at="2021-06-08T17:58:04Z" data-provider="LoginData" finished-at="2021-06-08T17:58:14Z">
          <params>
            <param index="0">
              <value>
                <![CDATA[mngr332796]]>
              </value>
            </param>
            <param index="1">
              <value>
                <![CDATA[AvugEqe]]>
              </value>
            </param>
          </params>
          <reporter-output>
          </reporter-output>
        </test-method> <!-- loginDDT -->
        <test-method status="PASS" signature="tearDown()[pri:0, instance:com.inetbanking.testCases.TC_LoginDDT_002@17f6480]" name="tearDown" is-config="true" duration-ms="651" started-at="2021-06-08T17:58:14Z" finished-at="2021-06-08T17:58:15Z">
          <reporter-output>
          </reporter-output>
        </test-method> <!-- tearDown -->
      </class> <!-- com.inetbanking.testCases.TC_LoginDDT_002 -->
      <class name="com.inetbanking.testCases.TC_AddCustomerTest_003">
        <test-method status="PASS" signature="setup(java.lang.String)[pri:0, instance:com.inetbanking.testCases.TC_AddCustomerTest_003@2d6e8792]" name="setup" is-config="true" duration-ms="5602" started-at="2021-06-08T17:58:15Z" finished-at="2021-06-08T17:58:20Z">
          <params>
            <param index="0">
              <value>
                <![CDATA[chrome]]>
              </value>
            </param>
          </params>
          <reporter-output>
          </reporter-output>
        </test-method> <!-- setup -->
        <test-method status="PASS" signature="addNewCustomer()[pri:0, instance:com.inetbanking.testCases.TC_AddCustomerTest_003@2d6e8792]" name="addNewCustomer" duration-ms="15623" started-at="2021-06-08T17:58:20Z" finished-at="2021-06-08T17:58:36Z">
          <reporter-output>
          </reporter-output>
        </test-method> <!-- addNewCustomer -->
        <test-method status="PASS" signature="tearDown()[pri:0, instance:com.inetbanking.testCases.TC_AddCustomerTest_003@2d6e8792]" name="tearDown" is-config="true" duration-ms="652" started-at="2021-06-08T17:58:36Z" finished-at="2021-06-08T17:58:36Z">
          <reporter-output>
          </reporter-output>
        </test-method> <!-- tearDown -->
      </class> <!-- com.inetbanking.testCases.TC_AddCustomerTest_003 -->
    </test> <!-- BankingApp Test -->
  </suite> <!-- InetBankingV1 -->
</testng-results>
